0 info it worked if it ends with ok
1 verbose cli [ '/usr/local/bin/node',
1 verbose cli   '/usr/local/bin/npm',
1 verbose cli   'install',
1 verbose cli   '-g',
1 verbose cli   'karma' ]
2 info using npm@2.14.3
3 info using node@v4.1.0
4 verbose install initial load of /usr/local/lib/package.json
5 verbose readDependencies loading dependencies from /usr/local/lib/package.json
6 silly cache add args [ 'karma', null ]
7 verbose cache add spec karma
8 silly cache add parsed spec Result {
8 silly cache add   raw: 'karma',
8 silly cache add   scope: null,
8 silly cache add   name: 'karma',
8 silly cache add   rawSpec: '',
8 silly cache add   spec: '*',
8 silly cache add   type: 'range' }
9 silly addNamed karma@*
10 verbose addNamed "*" is a valid semver range for karma
11 silly addNameRange { name: 'karma', range: '*', hasData: false }
12 silly mapToRegistry name karma
13 silly mapToRegistry using default registry
14 silly mapToRegistry registry https://registry.npmjs.org/
15 silly mapToRegistry uri https://registry.npmjs.org/karma
16 verbose addNameRange registry:https://registry.npmjs.org/karma not in flight; fetching
17 verbose request uri https://registry.npmjs.org/karma
18 verbose request no auth needed
19 info attempt registry request try #1 at 16:23:18
20 verbose request id 42bad5f9377e3937
21 http request GET https://registry.npmjs.org/karma
22 http 200 https://registry.npmjs.org/karma
23 silly get cb [ 200,
23 silly get   { server: 'CouchDB/1.5.0 (Erlang OTP/R16B03)',
23 silly get     etag: '"7KDHTLYEPKY10UXFTQP055TV8"',
23 silly get     'content-type': 'application/json',
23 silly get     'cache-control': 'max-age=60',
23 silly get     'content-length': '1100843',
23 silly get     'accept-ranges': 'bytes',
23 silly get     date: 'Mon, 23 Nov 2015 15:23:18 GMT',
23 silly get     via: '1.1 varnish',
23 silly get     age: '47',
23 silly get     connection: 'keep-alive',
23 silly get     'x-served-by': 'cache-ams4146-AMS',
23 silly get     'x-cache': 'HIT',
23 silly get     'x-cache-hits': '2',
23 silly get     'x-timer': 'S1448292198.234284,VS0,VE0',
23 silly get     vary: 'Accept' } ]
24 verbose get saving karma to /Users/yannickvanhecke/.npm/registry.npmjs.org/karma/.cache.json
25 silly addNameRange number 2 { name: 'karma', range: '*', hasData: true }
26 silly addNameRange versions [ 'karma',
26 silly addNameRange   [ '0.8.0',
26 silly addNameRange     '0.9.0-dart',
26 silly addNameRange     '0.8.1',
26 silly addNameRange     '0.8.2',
26 silly addNameRange     '0.8.3',
26 silly addNameRange     '0.9.0',
26 silly addNameRange     '0.8.4',
26 silly addNameRange     '0.9.1',
26 silly addNameRange     '0.8.5',
26 silly addNameRange     '0.9.2',
26 silly addNameRange     '0.9.2-dart',
26 silly addNameRange     '0.9.3',
26 silly addNameRange     '0.8.6',
26 silly addNameRange     '0.9.4',
26 silly addNameRange     '0.8.7',
26 silly addNameRange     '0.9.5',
26 silly addNameRange     '0.9.6',
26 silly addNameRange     '0.8.8',
26 silly addNameRange     '0.9.7',
26 silly addNameRange     '0.9.8',
26 silly addNameRange     '0.10.0',
26 silly addNameRange     '0.10.1',
26 silly addNameRange     '0.10.2',
26 silly addNameRange     '0.11.0',
26 silly addNameRange     '0.11.1',
26 silly addNameRange     '0.10.3',
26 silly addNameRange     '0.10.4',
26 silly addNameRange     '0.11.2',
26 silly addNameRange     '0.11.3',
26 silly addNameRange     '0.10.5',
26 silly addNameRange     '0.11.4',
26 silly addNameRange     '0.11.5',
26 silly addNameRange     '0.10.6',
26 silly addNameRange     '0.11.6',
26 silly addNameRange     '0.10.7',
26 silly addNameRange     '0.11.7',
26 silly addNameRange     '0.11.8',
26 silly addNameRange     '0.11.9',
26 silly addNameRange     '0.10.8',
26 silly addNameRange     '0.11.10',
26 silly addNameRange     '0.11.11',
26 silly addNameRange     '0.11.12',
26 silly addNameRange     '0.11.11-dev',
26 silly addNameRange     '0.10.9',
26 silly addNameRange     '0.11.12-dev',
26 silly addNameRange     '0.11.12-dev2',
26 silly addNameRange     '0.11.13',
26 silly addNameRange     '0.11.14',
26 silly addNameRange     '0.12.0',
26 silly addNameRange     '0.10.10',
26 silly addNameRange     '0.12.1',
26 silly addNameRange     '0.12.2',
26 silly addNameRange     '0.12.3',
26 silly addNameRange     '0.12.4',
26 silly addNameRange     '0.12.5',
26 silly addNameRange     '0.12.6',
26 silly addNameRange     '0.12.6-beta-43e6e28',
26 silly addNameRange     '0.12.7',
26 silly addNameRange     '0.12.8',
26 silly addNameRange     '0.12.9',
26 silly addNameRange     '0.12.10',
26 silly addNameRange     '0.12.11',
26 silly addNameRange     '0.12.12',
26 silly addNameRange     '0.12.11-beta-3029418',
26 silly addNameRange     '0.12.13',
26 silly addNameRange     '0.12.14',
26 silly addNameRange     '0.12.15',
26 silly addNameRange     '0.12.16',
26 silly addNameRange     '0.12.16-beta-905422d',
26 silly addNameRange     '0.12.17',
26 silly addNameRange     '0.12.18',
26 silly addNameRange     '0.12.19',
26 silly addNameRange     '0.12.20',
26 silly addNameRange     '0.12.21',
26 silly addNameRange     '0.12.22',
26 silly addNameRange     '0.12.23',
26 silly addNameRange     '0.12.24',
26 silly addNameRange     '0.12.24-beta-6cf7955',
26 silly addNameRange     '0.12.25',
26 silly addNameRange     '0.12.25-beta-37a7958',
26 silly addNameRange     '0.12.25-beta-ad5bc24',
26 silly addNameRange     '0.12.26',
26 silly addNameRange     '0.12.27',
26 silly addNameRange     '0.12.28',
26 silly addNameRange     '0.12.28-beta-b9be580',
26 silly addNameRange     '0.12.29',
26 silly addNameRange     '0.12.30',
26 silly addNameRange     '0.12.31',
26 silly addNameRange     '0.12.28-beta-f65c864',
26 silly addNameRange     '0.12.24-dev-test',
26 silly addNameRange     '0.12.24-dev-socketio10',
26 silly addNameRange     '0.12.24-dev-socketio10-2',
26 silly addNameRange     '0.12.32-beta.0',
26 silly addNameRange     '0.12.32',
26 silly addNameRange     '0.13.0-rc.0',
26 silly addNameRange     '0.12.33',
26 silly addNameRange     '0.13.0-rc.1',
26 silly addNameRange     '0.12.34',
26 silly addNameRange     '0.13.0-rc.2',
26 silly addNameRange     '0.12.35',
26 silly addNameRange     '0.13.0-rc.3',
26 silly addNameRange     '0.12.36',
26 silly addNameRange     '0.13.0-rc.4',
26 silly addNameRange     '0.12.37',
26 silly addNameRange     '0.13.0-rc.5',
26 silly addNameRange     '0.13.0-rc.6',
26 silly addNameRange     '0.13.0-rc.7',
26 silly addNameRange     '0.13.0-rc.8',
26 silly addNameRange     '0.13.0-rc.9',
26 silly addNameRange     '0.13.0',
26 silly addNameRange     '0.13.1',
26 silly addNameRange     '0.13.2',
26 silly addNameRange     '0.13.3',
26 silly addNameRange     '0.13.4',
26 silly addNameRange     '0.13.5',
26 silly addNameRange     '0.13.6',
26 silly addNameRange     '0.13.7',
26 silly addNameRange     '0.13.8',
26 silly addNameRange     '0.13.9',
26 silly addNameRange     '0.13.10',
26 silly addNameRange     '0.13.11',
26 silly addNameRange     '0.13.12',
26 silly addNameRange     '0.13.13',
26 silly addNameRange     '0.13.14',
26 silly addNameRange     '0.13.15' ] ]
27 silly addNamed karma@0.13.15
28 verbose addNamed "0.13.15" is a plain semver version for karma
29 silly mapToRegistry name karma
30 silly mapToRegistry using default registry
31 silly mapToRegistry registry https://registry.npmjs.org/
32 silly mapToRegistry uri https://registry.npmjs.org/karma
33 verbose addRemoteTarball https://registry.npmjs.org/karma/-/karma-0.13.15.tgz not in flight; adding
34 verbose addRemoteTarball [ 'https://registry.npmjs.org/karma/-/karma-0.13.15.tgz',
34 verbose addRemoteTarball   '71c3925651728a05ab4980a6e894ce3aa5e8c5c0' ]
35 info retry fetch attempt 1 at 16:23:18
36 info attempt registry request try #1 at 16:23:18
37 http fetch GET https://registry.npmjs.org/karma/-/karma-0.13.15.tgz
38 http fetch 200 https://registry.npmjs.org/karma/-/karma-0.13.15.tgz
39 silly fetchAndShaCheck shasum 71c3925651728a05ab4980a6e894ce3aa5e8c5c0
40 verbose addTmpTarball /var/folders/5h/gjk44pdn2sdgw147098lz3sm0000gn/T/npm-914-cb1d5707/registry.npmjs.org/karma/-/karma-0.13.15.tgz not in flight; adding
41 verbose addTmpTarball already have metadata; skipping unpack for karma@0.13.15
42 silly cache afterAdd karma@0.13.15
43 verbose afterAdd /Users/yannickvanhecke/.npm/karma/0.13.15/package/package.json not in flight; writing
44 verbose afterAdd /Users/yannickvanhecke/.npm/karma/0.13.15/package/package.json written
45 silly install resolved [ { name: 'karma',
45 silly install resolved     description: 'Spectacular Test Runner for JavaScript.',
45 silly install resolved     homepage: 'http://karma-runner.github.io/',
45 silly install resolved     repository: { type: 'git', url: 'git://github.com/karma-runner/karma.git' },
45 silly install resolved     bugs: { url: 'https://github.com/karma-runner/karma/issues' },
45 silly install resolved     keywords:
45 silly install resolved      [ 'karma',
45 silly install resolved        'spectacular',
45 silly install resolved        'runner',
45 silly install resolved        'karma',
45 silly install resolved        'js',
45 silly install resolved        'javascript',
45 silly install resolved        'testing',
45 silly install resolved        'test',
45 silly install resolved        'remote',
45 silly install resolved        'execution' ],
45 silly install resolved     author: { name: 'Vojta Jína', email: 'vojta.jina@gmail.com' },
45 silly install resolved     contributors:
45 silly install resolved      [ [Object],
45 silly install resolved        [Object],
45 silly install resolved        [Object],
45 silly install resolved        [Object],
45 silly install resolved        [Object],
45 silly install resolved        [Object],
45 silly install resolved        [Object],
45 silly install resolved        [Object],
45 silly install resolved        [Object],
45 silly install resolved        [Object],
45 silly install resolved        [Object],
45 silly install resolved        [Object],
45 silly install resolved        [Object],
45 silly install resolved        [Object],
45 silly install resolved        [Object],
45 silly install resolved        [Object],
45 silly install resolved        [Object],
45 silly install resolved        [Object],
45 silly install resolved        [Object],
45 silly install resolved        [Object],
45 silly install resolved        [Object],
45 silly install resolved        [Object],
45 silly install resolved        [Object],
45 silly install resolved        [Object],
45 silly install resolved        [Object],
45 silly install resolved        [Object],
45 silly install resolved        [Object],
45 silly install resolved        [Object],
45 silly install resolved        [Object],
45 silly install resolved        [Object],
45 silly install resolved        [Object],
45 silly install resolved        [Object],
45 silly install resolved        [Object],
45 silly install resolved        [Object],
45 silly install resolved        [Object],
45 silly install resolved        [Object],
45 silly install resolved        [Object],
45 silly install resolved        [Object],
45 silly install resolved        [Object],
45 silly install resolved        [Object],
45 silly install resolved        [Object],
45 silly install resolved        [Object],
45 silly install resolved        [Object],
45 silly install resolved        [Object],
45 silly install resolved        [Object],
45 silly install resolved        [Object],
45 silly install resolved        [Object],
45 silly install resolved        [Object],
45 silly install resolved        [Object],
45 silly install resolved        [Object],
45 silly install resolved        [Object],
45 silly install resolved        [Object],
45 silly install resolved        [Object],
45 silly install resolved        [Object],
45 silly install resolved        [Object],
45 silly install resolved        [Object],
45 silly install resolved        [Object],
45 silly install resolved        [Object],
45 silly install resolved        [Object],
45 silly install resolved        [Object],
45 silly install resolved        [Object],
45 silly install resolved        [Object],
45 silly install resolved        [Object],
45 silly install resolved        [Object],
45 silly install resolved        [Object],
45 silly install resolved        [Object],
45 silly install resolved        [Object],
45 silly install resolved        [Object],
45 silly install resolved        [Object],
45 silly install resolved        [Object],
45 silly install resolved        [Object],
45 silly install resolved        [Object],
45 silly install resolved        [Object],
45 silly install resolved        [Object],
45 silly install resolved        [Object],
45 silly install resolved        [Object],
45 silly install resolved        [Object],
45 silly install resolved        [Object],
45 silly install resolved        [Object],
45 silly install resolved        [Object],
45 silly install resolved        [Object],
45 silly install resolved        [Object],
45 silly install resolved        [Object],
45 silly install resolved        [Object],
45 silly install resolved        [Object],
45 silly install resolved        [Object],
45 silly install resolved        [Object],
45 silly install resolved        [Object],
45 silly install resolved        [Object],
45 silly install resolved        [Object],
45 silly install resolved        [Object],
45 silly install resolved        [Object],
45 silly install resolved        [Object],
45 silly install resolved        [Object],
45 silly install resolved        [Object],
45 silly install resolved        [Object],
45 silly install resolved        [Object],
45 silly install resolved        [Object],
45 silly install resolved        [Object],
45 silly install resolved        [Object],
45 silly install resolved        [Object],
45 silly install resolved        [Object],
45 silly install resolved        [Object],
45 silly install resolved        [Object],
45 silly install resolved        [Object],
45 silly install resolved        [Object],
45 silly install resolved        [Object],
45 silly install resolved        [Object],
45 silly install resolved        [Object],
45 silly install resolved        [Object],
45 silly install resolved        [Object],
45 silly install resolved        [Object],
45 silly install resolved        [Object],
45 silly install resolved        [Object],
45 silly install resolved        [Object],
45 silly install resolved        [Object],
45 silly install resolved        [Object],
45 silly install resolved        [Object],
45 silly install resolved        [Object],
45 silly install resolved        [Object],
45 silly install resolved        [Object],
45 silly install resolved        [Object],
45 silly install resolved        [Object],
45 silly install resolved        [Object],
45 silly install resolved        [Object],
45 silly install resolved        [Object],
45 silly install resolved        [Object],
45 silly install resolved        [Object],
45 silly install resolved        [Object],
45 silly install resolved        [Object],
45 silly install resolved        [Object],
45 silly install resolved        [Object],
45 silly install resolved        [Object],
45 silly install resolved        [Object],
45 silly install resolved        [Object],
45 silly install resolved        [Object],
45 silly install resolved        [Object],
45 silly install resolved        [Object],
45 silly install resolved        [Object],
45 silly install resolved        [Object],
45 silly install resolved        [Object],
45 silly install resolved        [Object],
45 silly install resolved        [Object],
45 silly install resolved        [Object],
45 silly install resolved        [Object],
45 silly install resolved        [Object],
45 silly install resolved        [Object],
45 silly install resolved        [Object],
45 silly install resolved        [Object],
45 silly install resolved        [Object],
45 silly install resolved        [Object],
45 silly install resolved        [Object],
45 silly install resolved        [Object],
45 silly install resolved        [Object],
45 silly install resolved        [Object],
45 silly install resolved        [Object],
45 silly install resolved        [Object],
45 silly install resolved        [Object],
45 silly install resolved        [Object],
45 silly install resolved        [Object],
45 silly install resolved        [Object],
45 silly install resolved        [Object],
45 silly install resolved        [Object],
45 silly install resolved        [Object],
45 silly install resolved        [Object],
45 silly install resolved        [Object],
45 silly install resolved        [Object],
45 silly install resolved        [Object],
45 silly install resolved        [Object],
45 silly install resolved        [Object],
45 silly install resolved        [Object],
45 silly install resolved        [Object],
45 silly install resolved        [Object],
45 silly install resolved        [Object],
45 silly install resolved        [Object],
45 silly install resolved        [Object],
45 silly install resolved        [Object],
45 silly install resolved        [Object],
45 silly install resolved        [Object],
45 silly install resolved        [Object],
45 silly install resolved        [Object],
45 silly install resolved        [Object],
45 silly install resolved        [Object],
45 silly install resolved        [Object],
45 silly install resolved        [Object],
45 silly install resolved        [Object],
45 silly install resolved        [Object],
45 silly install resolved        [Object],
45 silly install resolved        [Object],
45 silly install resolved        [Object],
45 silly install resolved        [Object],
45 silly install resolved        [Object],
45 silly install resolved        [Object],
45 silly install resolved        [Object],
45 silly install resolved        [Object],
45 silly install resolved        [Object],
45 silly install resolved        [Object],
45 silly install resolved        [Object],
45 silly install resolved        [Object],
45 silly install resolved        [Object],
45 silly install resolved        [Object],
45 silly install resolved        [Object],
45 silly install resolved        [Object],
45 silly install resolved        [Object],
45 silly install resolved        [Object],
45 silly install resolved        [Object],
45 silly install resolved        [Object],
45 silly install resolved        [Object],
45 silly install resolved        [Object],
45 silly install resolved        [Object],
45 silly install resolved        [Object],
45 silly install resolved        [Object],
45 silly install resolved        [Object] ],
45 silly install resolved     dependencies:
45 silly install resolved      { batch: '^0.5.3',
45 silly install resolved        bluebird: '^2.9.27',
45 silly install resolved        'body-parser': '^1.12.4',
45 silly install resolved        chokidar: '^1.0.1',
45 silly install resolved        colors: '^1.1.0',
45 silly install resolved        connect: '^3.3.5',
45 silly install resolved        'core-js': '^1.2.2',
45 silly install resolved        di: '^0.0.1',
45 silly install resolved        'dom-serialize': '^2.2.0',
45 silly install resolved        'expand-braces': '^0.1.1',
45 silly install resolved        glob: '^5.0.10',
45 silly install resolved        'graceful-fs': '^4.1.2',
45 silly install resolved        'http-proxy': '^1.11.1',
45 silly install resolved        lodash: '^3.8.0',
45 silly install resolved        log4js: '^0.6.25',
45 silly install resolved        mime: '^1.3.4',
45 silly install resolved        minimatch: '^3.0.0',
45 silly install resolved        optimist: '^0.6.1',
45 silly install resolved        rimraf: '^2.3.3',
45 silly install resolved        'socket.io': '^1.3.7',
45 silly install resolved        'source-map': '^0.5.1',
45 silly install resolved        useragent: '^2.1.6' },
45 silly install resolved     devDependencies:
45 silly install resolved      { LiveScript: '^1.3.0',
45 silly install resolved        babel: '^5.6.23',
45 silly install resolved        'babel-eslint': '^4.0.5',
45 silly install resolved        chai: '^3.3.0',
45 silly install resolved        'chai-as-promised': '^5.0.0',
45 silly install resolved        'chai-subset': '^1.0.1',
45 silly install resolved        'coffee-script': '^1.9.2',
45 silly install resolved        cucumber: '^0.7.0',
45 silly install resolved        eslint: '^1.0.0',
45 silly install resolved        'eslint-config-standard': '^4.0.0',
45 silly install resolved        'eslint-plugin-react': '^3.6.2',
45 silly install resolved        'eslint-plugin-standard': '^1.3.1',
45 silly install resolved        grunt: '^0.4',
45 silly install resolved        'grunt-auto-release': '^0.0.6',
45 silly install resolved        'grunt-browserify': '^4.0.1',
45 silly install resolved        'grunt-bump': '^0.6.0',
45 silly install resolved        'grunt-contrib-watch': '^0.6.1',
45 silly install resolved        'grunt-conventional-changelog': '^5.0.0',
45 silly install resolved        'grunt-conventional-github-releaser': '^0.5.0',
45 silly install resolved        'grunt-cucumberjs': '^0.8.0',
45 silly install resolved        'grunt-eslint': '^17.0.0',
45 silly install resolved        'grunt-mocha-test': '^0.12.7',
45 silly install resolved        'grunt-npm': '0.0.2',
45 silly install resolved        'jasmine-core': '^2.3.4',
45 silly install resolved        'karma-browserify': '^4.1.2',
45 silly install resolved        'karma-browserstack-launcher': '*',
45 silly install resolved        'karma-chrome-launcher': '*',
45 silly install resolved        'karma-coffee-preprocessor': '*',
45 silly install resolved        'karma-commonjs': '*',
45 silly install resolved        'karma-coverage': '*',
45 silly install resolved        'karma-firefox-launcher': '*',
45 silly install resolved        'karma-growl-reporter': '*',
45 silly install resolved        'karma-html2js-preprocessor': '*',
45 silly install resolved        'karma-jasmine': '~0.3.5',
45 silly install resolved        'karma-junit-reporter': '*',
45 silly install resolved        'karma-live-preprocessor': '*',
45 silly install resolved        'karma-mocha': '*',
45 silly install resolved        'karma-ng-scenario': '*',
45 silly install resolved        'karma-phantomjs-launcher': '*',
45 silly install resolved        'karma-qunit': '*',
45 silly install resolved        'karma-requirejs': '*',
45 silly install resolved        'karma-sauce-launcher': '*',
45 silly install resolved        'karma-script-launcher': '^0.1.0',
45 silly install resolved        'load-grunt-tasks': '^3.1.0',
45 silly install resolved        mkdirp: '^0.5.0',
45 silly install resolved        mocha: '^2.2.5',
45 silly install resolved        mocks: '^0.0.15',
45 silly install resolved        phantomjs: '^1.9.18',
45 silly install resolved        proxyquire: '^1.5.0',
45 silly install resolved        qunitjs: '^1.19.0',
45 silly install resolved        requirejs: '^2.1.20',
45 silly install resolved        sinon: '^1.17.2',
45 silly install resolved        'sinon-chai': '^2.7.0',
45 silly install resolved        supertest: '^1.0.1',
45 silly install resolved        'supertest-as-promised': '^2.0.1',
45 silly install resolved        'timer-shim': '^0.3.0',
45 silly install resolved        which: '^1.1.1' },
45 silly install resolved     main: './lib/index',
45 silly install resolved     bin: { karma: './bin/karma' },
45 silly install resolved     engines: { node: '0.10 || 0.12 || 4 || 5' },
45 silly install resolved     version: '0.13.15',
45 silly install resolved     license: 'MIT',
45 silly install resolved     gitHead: '1adfd8ddedcfa6c87dc12588d96383c600bf78ab',
45 silly install resolved     _id: 'karma@0.13.15',
45 silly install resolved     scripts: {},
45 silly install resolved     _shasum: '71c3925651728a05ab4980a6e894ce3aa5e8c5c0',
45 silly install resolved     _from: 'karma@*',
45 silly install resolved     _npmVersion: '3.3.9',
45 silly install resolved     _nodeVersion: '4.1.2',
45 silly install resolved     _npmUser: { name: 'dignifiedquire', email: 'dignifiedquire@gmail.com' },
45 silly install resolved     dist:
45 silly install resolved      { shasum: '71c3925651728a05ab4980a6e894ce3aa5e8c5c0',
45 silly install resolved        tarball: 'http://registry.npmjs.org/karma/-/karma-0.13.15.tgz' },
45 silly install resolved     maintainers: [ [Object], [Object], [Object], [Object] ],
45 silly install resolved     directories: {},
45 silly install resolved     _resolved: 'https://registry.npmjs.org/karma/-/karma-0.13.15.tgz' } ]
46 info install karma@0.13.15 into /usr/local/lib
47 info installOne karma@0.13.15
48 verbose installOne of karma to /usr/local/lib not in flight; installing
49 verbose lock using /Users/yannickvanhecke/.npm/_locks/karma-dbe64a2972f57692.lock for /usr/local/lib/node_modules/karma
50 silly install write writing karma 0.13.15 to /usr/local/lib/node_modules/karma
51 verbose unbuild lib/node_modules/karma
52 silly gentlyRm /usr/local/lib/node_modules/karma is being purged from base /usr/local
53 verbose gentlyRm don't care about contents; nuking /usr/local/lib/node_modules/karma
54 verbose tar unpack /Users/yannickvanhecke/.npm/karma/0.13.15/package.tgz
55 verbose tar unpacking to /usr/local/lib/node_modules/karma
56 silly gentlyRm /usr/local/lib/node_modules/karma is being purged
57 verbose gentlyRm don't care about contents; nuking /usr/local/lib/node_modules/karma
58 silly gunzTarPerm modes [ '755', '644' ]
59 error tar.unpack untar error /Users/yannickvanhecke/.npm/karma/0.13.15/package.tgz
60 verbose unlock done using /Users/yannickvanhecke/.npm/_locks/karma-dbe64a2972f57692.lock for /usr/local/lib/node_modules/karma
61 verbose fstream_path /usr/local/lib/node_modules/karma
62 verbose fstream_type Directory
63 verbose fstream_class DirWriter
64 verbose stack Error: EACCES: permission denied, mkdir '/usr/local/lib/node_modules/karma'
64 verbose stack     at Error (native)
65 verbose fstream_stack /usr/local/lib/node_modules/npm/node_modules/fstream/lib/dir-writer.js:35:25
65 verbose fstream_stack /usr/local/lib/node_modules/npm/node_modules/mkdirp/index.js:47:53
65 verbose fstream_stack FSReqWrap.oncomplete (fs.js:82:15)
66 verbose cwd /Users/yannickvanhecke/Webapps
67 error Darwin 15.0.0
68 error argv "/usr/local/bin/node" "/usr/local/bin/npm" "install" "-g" "karma"
69 error node v4.1.0
70 error npm  v2.14.3
71 error path /usr/local/lib/node_modules/karma
72 error code EACCES
73 error errno -13
74 error syscall mkdir
75 error Error: EACCES: permission denied, mkdir '/usr/local/lib/node_modules/karma'
75 error     at Error (native)
75 error  { [Error: EACCES: permission denied, mkdir '/usr/local/lib/node_modules/karma']
75 error   errno: -13,
75 error   code: 'EACCES',
75 error   syscall: 'mkdir',
75 error   path: '/usr/local/lib/node_modules/karma',
75 error   fstream_type: 'Directory',
75 error   fstream_path: '/usr/local/lib/node_modules/karma',
75 error   fstream_class: 'DirWriter',
75 error   fstream_stack:
75 error    [ '/usr/local/lib/node_modules/npm/node_modules/fstream/lib/dir-writer.js:35:25',
75 error      '/usr/local/lib/node_modules/npm/node_modules/mkdirp/index.js:47:53',
75 error      'FSReqWrap.oncomplete (fs.js:82:15)' ] }
76 error Please try running this command again as root/Administrator.
77 verbose exit [ -13, true ]
78 verbose unbuild lib/node_modules/karma
79 silly gentlyRm /usr/local/lib/node_modules/karma is being purged from base /usr/local
80 verbose gentlyRm don't care about contents; nuking /usr/local/lib/node_modules/karma
